<?xml version="1.0" encoding="utf-8" standalone="no"?>
<test-results xmlns:xsi="http://www.w3.org/2001/XMLSchema-instance" xsi:noNamespaceSchemaLocation="nunit_schema_2.5.xsd" name="Pester" total="186" errors="0" failures="0" not-run="0" inconclusive="0" ignored="0" skipped="0" invalid="0" date="2016-01-09" time="08:44:46">
  <environment user="adrianr" machine-name="CO-IT05" cwd="C:\windows\System32" user-domain="BLACKHILLSFCU" platform="Microsoft Windows 10 Enterprise|C:\WINDOWS|\Device\Harddisk0\Partition2" nunit-version="2.5.8.0" os-version="10.0.10586" clr-version="4.0.30319.42000" />
  <culture-info current-culture="en-US" current-uiculture="en-US" />
  <test-suite type="Powershell" name="Pester" executed="True" result="Success" success="True" time="29.7434" asserts="0">
    <results>
      <test-suite type="TestFixture" name="Configuration Manager Scripts" executed="True" result="Success" success="True" time="29.7434" asserts="0" description="Configuration Manager Scripts">
        <results>
          <test-case description="AcroInstall.ps1 conforms to PowerShell best practices." name="Configuration Manager Scripts.AcroInstall.ps1 conforms to PowerShell best practices." executed="True" time="0.3238" asserts="0" success="True" result="Success" />
          <test-case description="AcroInstall.ps1 has a valid digital signature." name="Configuration Manager Scripts.AcroInstall.ps1 has a valid digital signature." executed="True" time="0.0458" asserts="0" success="True" result="Success" />
          <test-case description="AcroInstall.ps1 conforms to PowerShell best practices." name="Configuration Manager Scripts.AcroInstall.ps1 conforms to PowerShell best practices." executed="True" time="0.0271" asserts="0" success="True" result="Success" />
          <test-case description="AcroInstall.ps1 has a valid digital signature." name="Configuration Manager Scripts.AcroInstall.ps1 has a valid digital signature." executed="True" time="0.0372" asserts="0" success="True" result="Success" />
          <test-case description="Detection.ps1 conforms to PowerShell best practices." name="Configuration Manager Scripts.Detection.ps1 conforms to PowerShell best practices." executed="True" time="0.0203" asserts="0" success="True" result="Success" />
          <test-case description="Detection.ps1 has a valid digital signature." name="Configuration Manager Scripts.Detection.ps1 has a valid digital signature." executed="True" time="0.0321" asserts="0" success="True" result="Success" />
          <test-case description="install.ps1 conforms to PowerShell best practices." name="Configuration Manager Scripts.install.ps1 conforms to PowerShell best practices." executed="True" time="0.4143" asserts="0" success="True" result="Success" />
          <test-case description="install.ps1 has a valid digital signature." name="Configuration Manager Scripts.install.ps1 has a valid digital signature." executed="True" time="0.0343" asserts="0" success="True" result="Success" />
          <test-case description="Detection.ps1 conforms to PowerShell best practices." name="Configuration Manager Scripts.Detection.ps1 conforms to PowerShell best practices." executed="True" time="0.0294" asserts="0" success="True" result="Success" />
          <test-case description="Detection.ps1 has a valid digital signature." name="Configuration Manager Scripts.Detection.ps1 has a valid digital signature." executed="True" time="0.0354" asserts="0" success="True" result="Success" />
          <test-case description="install.ps1 conforms to PowerShell best practices." name="Configuration Manager Scripts.install.ps1 conforms to PowerShell best practices." executed="True" time="0.3888" asserts="0" success="True" result="Success" />
          <test-case description="install.ps1 has a valid digital signature." name="Configuration Manager Scripts.install.ps1 has a valid digital signature." executed="True" time="0.04" asserts="0" success="True" result="Success" />
          <test-case description="Detection.ps1 conforms to PowerShell best practices." name="Configuration Manager Scripts.Detection.ps1 conforms to PowerShell best practices." executed="True" time="0.0256" asserts="0" success="True" result="Success" />
          <test-case description="Detection.ps1 has a valid digital signature." name="Configuration Manager Scripts.Detection.ps1 has a valid digital signature." executed="True" time="0.0421" asserts="0" success="True" result="Success" />
          <test-case description="install.ps1 conforms to PowerShell best practices." name="Configuration Manager Scripts.install.ps1 conforms to PowerShell best practices." executed="True" time="0.4081" asserts="0" success="True" result="Success" />
          <test-case description="install.ps1 has a valid digital signature." name="Configuration Manager Scripts.install.ps1 has a valid digital signature." executed="True" time="0.0334" asserts="0" success="True" result="Success" />
          <test-case description="Detection.ps1 conforms to PowerShell best practices." name="Configuration Manager Scripts.Detection.ps1 conforms to PowerShell best practices." executed="True" time="0.028" asserts="0" success="True" result="Success" />
          <test-case description="Detection.ps1 has a valid digital signature." name="Configuration Manager Scripts.Detection.ps1 has a valid digital signature." executed="True" time="0.0411" asserts="0" success="True" result="Success" />
          <test-case description="Detection.ps1 conforms to PowerShell best practices." name="Configuration Manager Scripts.Detection.ps1 conforms to PowerShell best practices." executed="True" time="0.0266" asserts="0" success="True" result="Success" />
          <test-case description="Detection.ps1 has a valid digital signature." name="Configuration Manager Scripts.Detection.ps1 has a valid digital signature." executed="True" time="0.0415" asserts="0" success="True" result="Success" />
          <test-case description="Detection.ps1 conforms to PowerShell best practices." name="Configuration Manager Scripts.Detection.ps1 conforms to PowerShell best practices." executed="True" time="0.0261" asserts="0" success="True" result="Success" />
          <test-case description="Detection.ps1 has a valid digital signature." name="Configuration Manager Scripts.Detection.ps1 has a valid digital signature." executed="True" time="0.0342" asserts="0" success="True" result="Success" />
          <test-case description="install.ps1 conforms to PowerShell best practices." name="Configuration Manager Scripts.install.ps1 conforms to PowerShell best practices." executed="True" time="0.4016" asserts="0" success="True" result="Success" />
          <test-case description="install.ps1 has a valid digital signature." name="Configuration Manager Scripts.install.ps1 has a valid digital signature." executed="True" time="0.0372" asserts="0" success="True" result="Success" />
          <test-case description="Detection.ps1 conforms to PowerShell best practices." name="Configuration Manager Scripts.Detection.ps1 conforms to PowerShell best practices." executed="True" time="0.409" asserts="0" success="True" result="Success" />
          <test-case description="Detection.ps1 has a valid digital signature." name="Configuration Manager Scripts.Detection.ps1 has a valid digital signature." executed="True" time="0.0335" asserts="0" success="True" result="Success" />
          <test-case description="Detection.ps1 conforms to PowerShell best practices." name="Configuration Manager Scripts.Detection.ps1 conforms to PowerShell best practices." executed="True" time="0.4221" asserts="0" success="True" result="Success" />
          <test-case description="Detection.ps1 has a valid digital signature." name="Configuration Manager Scripts.Detection.ps1 has a valid digital signature." executed="True" time="0.0354" asserts="0" success="True" result="Success" />
          <test-case description="BukersBTA_Install.ps1 conforms to PowerShell best practices." name="Configuration Manager Scripts.BukersBTA_Install.ps1 conforms to PowerShell best practices." executed="True" time="0.0255" asserts="0" success="True" result="Success" />
          <test-case description="BukersBTA_Install.ps1 has a valid digital signature." name="Configuration Manager Scripts.BukersBTA_Install.ps1 has a valid digital signature." executed="True" time="0.0368" asserts="0" success="True" result="Success" />
          <test-case description="CRV_Install.ps1 conforms to PowerShell best practices." name="Configuration Manager Scripts.CRV_Install.ps1 conforms to PowerShell best practices." executed="True" time="0.0277" asserts="0" success="True" result="Success" />
          <test-case description="CRV_Install.ps1 has a valid digital signature." name="Configuration Manager Scripts.CRV_Install.ps1 has a valid digital signature." executed="True" time="0.0387" asserts="0" success="True" result="Success" />
          <test-case description="ActiveX_Install.ps1 conforms to PowerShell best practices." name="Configuration Manager Scripts.ActiveX_Install.ps1 conforms to PowerShell best practices." executed="True" time="0.035" asserts="0" success="True" result="Success" />
          <test-case description="ActiveX_Install.ps1 has a valid digital signature." name="Configuration Manager Scripts.ActiveX_Install.ps1 has a valid digital signature." executed="True" time="0.0375" asserts="0" success="True" result="Success" />
          <test-case description="detection.ps1 conforms to PowerShell best practices." name="Configuration Manager Scripts.detection.ps1 conforms to PowerShell best practices." executed="True" time="0.0291" asserts="0" success="True" result="Success" />
          <test-case description="detection.ps1 has a valid digital signature." name="Configuration Manager Scripts.detection.ps1 has a valid digital signature." executed="True" time="0.0361" asserts="0" success="True" result="Success" />
          <test-case description="install.ps1 conforms to PowerShell best practices." name="Configuration Manager Scripts.install.ps1 conforms to PowerShell best practices." executed="True" time="0.0318" asserts="0" success="True" result="Success" />
          <test-case description="install.ps1 has a valid digital signature." name="Configuration Manager Scripts.install.ps1 has a valid digital signature." executed="True" time="0.0435" asserts="0" success="True" result="Success" />
          <test-case description="DeploySignature.ps1 conforms to PowerShell best practices." name="Configuration Manager Scripts.DeploySignature.ps1 conforms to PowerShell best practices." executed="True" time="0.0376" asserts="0" success="True" result="Success" />
          <test-case description="DeploySignature.ps1 has a valid digital signature." name="Configuration Manager Scripts.DeploySignature.ps1 has a valid digital signature." executed="True" time="0.0423" asserts="0" success="True" result="Success" />
          <test-case description="TestSignature.ps1 conforms to PowerShell best practices." name="Configuration Manager Scripts.TestSignature.ps1 conforms to PowerShell best practices." executed="True" time="0.0331" asserts="0" success="True" result="Success" />
          <test-case description="TestSignature.ps1 has a valid digital signature." name="Configuration Manager Scripts.TestSignature.ps1 has a valid digital signature." executed="True" time="0.0432" asserts="0" success="True" result="Success" />
          <test-case description="Detection.ps1 conforms to PowerShell best practices." name="Configuration Manager Scripts.Detection.ps1 conforms to PowerShell best practices." executed="True" time="0.9614" asserts="0" success="True" result="Success" />
          <test-case description="Detection.ps1 has a valid digital signature." name="Configuration Manager Scripts.Detection.ps1 has a valid digital signature." executed="True" time="0.0421" asserts="0" success="True" result="Success" />
          <test-case description="CDMInstall.ps1 conforms to PowerShell best practices." name="Configuration Manager Scripts.CDMInstall.ps1 conforms to PowerShell best practices." executed="True" time="0.035" asserts="0" success="True" result="Success" />
          <test-case description="CDMInstall.ps1 has a valid digital signature." name="Configuration Manager Scripts.CDMInstall.ps1 has a valid digital signature." executed="True" time="0.0417" asserts="0" success="True" result="Success" />
          <test-case description="CDMInstall.ps1 conforms to PowerShell best practices." name="Configuration Manager Scripts.CDMInstall.ps1 conforms to PowerShell best practices." executed="True" time="0.0369" asserts="0" success="True" result="Success" />
          <test-case description="CDMInstall.ps1 has a valid digital signature." name="Configuration Manager Scripts.CDMInstall.ps1 has a valid digital signature." executed="True" time="0.0396" asserts="0" success="True" result="Success" />
          <test-case description="ConfigBackup_Install.ps1 conforms to PowerShell best practices." name="Configuration Manager Scripts.ConfigBackup_Install.ps1 conforms to PowerShell best practices." executed="True" time="2.4996" asserts="0" success="True" result="Success" />
          <test-case description="ConfigBackup_Install.ps1 has a valid digital signature." name="Configuration Manager Scripts.ConfigBackup_Install.ps1 has a valid digital signature." executed="True" time="0.0389" asserts="0" success="True" result="Success" />
          <test-case description="VerifyConfigBackupInstall.ps1 conforms to PowerShell best practices." name="Configuration Manager Scripts.VerifyConfigBackupInstall.ps1 conforms to PowerShell best practices." executed="True" time="0.4189" asserts="0" success="True" result="Success" />
          <test-case description="VerifyConfigBackupInstall.ps1 has a valid digital signature." name="Configuration Manager Scripts.VerifyConfigBackupInstall.ps1 has a valid digital signature." executed="True" time="0.0473" asserts="0" success="True" result="Success" />
          <test-case description="XPWorkstationInfo.ps1 conforms to PowerShell best practices." name="Configuration Manager Scripts.XPWorkstationInfo.ps1 conforms to PowerShell best practices." executed="True" time="0.4472" asserts="0" success="True" result="Success" />
          <test-case description="XPWorkstationInfo.ps1 has a valid digital signature." name="Configuration Manager Scripts.XPWorkstationInfo.ps1 has a valid digital signature." executed="True" time="0.0437" asserts="0" success="True" result="Success" />
          <test-case description="DLSolution_Install.ps1 conforms to PowerShell best practices." name="Configuration Manager Scripts.DLSolution_Install.ps1 conforms to PowerShell best practices." executed="True" time="0.0358" asserts="0" success="True" result="Success" />
          <test-case description="DLSolution_Install.ps1 has a valid digital signature." name="Configuration Manager Scripts.DLSolution_Install.ps1 has a valid digital signature." executed="True" time="0.0398" asserts="0" success="True" result="Success" />
          <test-case description="DLSolution_Verify.ps1 conforms to PowerShell best practices." name="Configuration Manager Scripts.DLSolution_Verify.ps1 conforms to PowerShell best practices." executed="True" time="0.0352" asserts="0" success="True" result="Success" />
          <test-case description="DLSolution_Verify.ps1 has a valid digital signature." name="Configuration Manager Scripts.DLSolution_Verify.ps1 has a valid digital signature." executed="True" time="0.0365" asserts="0" success="True" result="Success" />
          <test-case description="XPInstall.ps1 conforms to PowerShell best practices." name="Configuration Manager Scripts.XPInstall.ps1 conforms to PowerShell best practices." executed="True" time="0.9601" asserts="0" success="True" result="Success" />
          <test-case description="XPInstall.ps1 has a valid digital signature." name="Configuration Manager Scripts.XPInstall.ps1 has a valid digital signature." executed="True" time="0.039" asserts="0" success="True" result="Success" />
          <test-case description="XPAInstall.ps1 conforms to PowerShell best practices." name="Configuration Manager Scripts.XPAInstall.ps1 conforms to PowerShell best practices." executed="True" time="1.0991" asserts="0" success="True" result="Success" />
          <test-case description="XPAInstall.ps1 has a valid digital signature." name="Configuration Manager Scripts.XPAInstall.ps1 has a valid digital signature." executed="True" time="0.0468" asserts="0" success="True" result="Success" />
          <test-case description="XPAUninstall.ps1 conforms to PowerShell best practices." name="Configuration Manager Scripts.XPAUninstall.ps1 conforms to PowerShell best practices." executed="True" time="1.0881" asserts="0" success="True" result="Success" />
          <test-case description="XPAUninstall.ps1 has a valid digital signature." name="Configuration Manager Scripts.XPAUninstall.ps1 has a valid digital signature." executed="True" time="0.0508" asserts="0" success="True" result="Success" />
          <test-case description="XPAVerification.ps1 conforms to PowerShell best practices." name="Configuration Manager Scripts.XPAVerification.ps1 conforms to PowerShell best practices." executed="True" time="0.041" asserts="0" success="True" result="Success" />
          <test-case description="XPAVerification.ps1 has a valid digital signature." name="Configuration Manager Scripts.XPAVerification.ps1 has a valid digital signature." executed="True" time="0.0467" asserts="0" success="True" result="Success" />
          <test-case description="Detection.ps1 conforms to PowerShell best practices." name="Configuration Manager Scripts.Detection.ps1 conforms to PowerShell best practices." executed="True" time="0.0359" asserts="0" success="True" result="Success" />
          <test-case description="Detection.ps1 has a valid digital signature." name="Configuration Manager Scripts.Detection.ps1 has a valid digital signature." executed="True" time="0.0366" asserts="0" success="True" result="Success" />
          <test-case description="Install.ps1 conforms to PowerShell best practices." name="Configuration Manager Scripts.Install.ps1 conforms to PowerShell best practices." executed="True" time="0.0401" asserts="0" success="True" result="Success" />
          <test-case description="Install.ps1 has a valid digital signature." name="Configuration Manager Scripts.Install.ps1 has a valid digital signature." executed="True" time="0.0411" asserts="0" success="True" result="Success" />
          <test-case description="Detection.ps1 conforms to PowerShell best practices." name="Configuration Manager Scripts.Detection.ps1 conforms to PowerShell best practices." executed="True" time="0.0391" asserts="0" success="True" result="Success" />
          <test-case description="Detection.ps1 has a valid digital signature." name="Configuration Manager Scripts.Detection.ps1 has a valid digital signature." executed="True" time="0.0372" asserts="0" success="True" result="Success" />
          <test-case description="Install.ps1 conforms to PowerShell best practices." name="Configuration Manager Scripts.Install.ps1 conforms to PowerShell best practices." executed="True" time="0.0358" asserts="0" success="True" result="Success" />
          <test-case description="Install.ps1 has a valid digital signature." name="Configuration Manager Scripts.Install.ps1 has a valid digital signature." executed="True" time="0.0392" asserts="0" success="True" result="Success" />
          <test-case description="Uninstall.ps1 conforms to PowerShell best practices." name="Configuration Manager Scripts.Uninstall.ps1 conforms to PowerShell best practices." executed="True" time="0.0322" asserts="0" success="True" result="Success" />
          <test-case description="Uninstall.ps1 has a valid digital signature." name="Configuration Manager Scripts.Uninstall.ps1 has a valid digital signature." executed="True" time="0.0429" asserts="0" success="True" result="Success" />
          <test-case description="XPTInstall.ps1 conforms to PowerShell best practices." name="Configuration Manager Scripts.XPTInstall.ps1 conforms to PowerShell best practices." executed="True" time="0.5647" asserts="0" success="True" result="Success" />
          <test-case description="XPTInstall.ps1 has a valid digital signature." name="Configuration Manager Scripts.XPTInstall.ps1 has a valid digital signature." executed="True" time="0.052" asserts="0" success="True" result="Success" />
          <test-case description="XPTUninstall.ps1 conforms to PowerShell best practices." name="Configuration Manager Scripts.XPTUninstall.ps1 conforms to PowerShell best practices." executed="True" time="1.9495" asserts="0" success="True" result="Success" />
          <test-case description="XPTUninstall.ps1 has a valid digital signature." name="Configuration Manager Scripts.XPTUninstall.ps1 has a valid digital signature." executed="True" time="0.0428" asserts="0" success="True" result="Success" />
          <test-case description="XPTVerification.ps1 conforms to PowerShell best practices." name="Configuration Manager Scripts.XPTVerification.ps1 conforms to PowerShell best practices." executed="True" time="0.0356" asserts="0" success="True" result="Success" />
          <test-case description="XPTVerification.ps1 has a valid digital signature." name="Configuration Manager Scripts.XPTVerification.ps1 has a valid digital signature." executed="True" time="0.046" asserts="0" success="True" result="Success" />
          <test-case description="install.ps1 conforms to PowerShell best practices." name="Configuration Manager Scripts.install.ps1 conforms to PowerShell best practices." executed="True" time="0.0327" asserts="0" success="True" result="Success" />
          <test-case description="install.ps1 has a valid digital signature." name="Configuration Manager Scripts.install.ps1 has a valid digital signature." executed="True" time="0.0402" asserts="0" success="True" result="Success" />
          <test-case description="install.ps1 conforms to PowerShell best practices." name="Configuration Manager Scripts.install.ps1 conforms to PowerShell best practices." executed="True" time="0.0322" asserts="0" success="True" result="Success" />
          <test-case description="install.ps1 has a valid digital signature." name="Configuration Manager Scripts.install.ps1 has a valid digital signature." executed="True" time="0.0441" asserts="0" success="True" result="Success" />
          <test-case description="1000SEInstall.ps1 conforms to PowerShell best practices." name="Configuration Manager Scripts.1000SEInstall.ps1 conforms to PowerShell best practices." executed="True" time="0.0338" asserts="0" success="True" result="Success" />
          <test-case description="1000SEInstall.ps1 has a valid digital signature." name="Configuration Manager Scripts.1000SEInstall.ps1 has a valid digital signature." executed="True" time="0.0431" asserts="0" success="True" result="Success" />
          <test-case description="Detection.ps1 conforms to PowerShell best practices." name="Configuration Manager Scripts.Detection.ps1 conforms to PowerShell best practices." executed="True" time="0.0337" asserts="0" success="True" result="Success" />
          <test-case description="Detection.ps1 has a valid digital signature." name="Configuration Manager Scripts.Detection.ps1 has a valid digital signature." executed="True" time="0.0437" asserts="0" success="True" result="Success" />
          <test-case description="SigPadInstall.ps1 conforms to PowerShell best practices." name="Configuration Manager Scripts.SigPadInstall.ps1 conforms to PowerShell best practices." executed="True" time="0.033" asserts="0" success="True" result="Success" />
          <test-case description="SigPadInstall.ps1 has a valid digital signature." name="Configuration Manager Scripts.SigPadInstall.ps1 has a valid digital signature." executed="True" time="0.0412" asserts="0" success="True" result="Success" />
          <test-case description="Detection.ps1 conforms to PowerShell best practices." name="Configuration Manager Scripts.Detection.ps1 conforms to PowerShell best practices." executed="True" time="0.0373" asserts="0" success="True" result="Success" />
          <test-case description="Detection.ps1 has a valid digital signature." name="Configuration Manager Scripts.Detection.ps1 has a valid digital signature." executed="True" time="0.0448" asserts="0" success="True" result="Success" />
          <test-case description="SigPadInstall.ps1 conforms to PowerShell best practices." name="Configuration Manager Scripts.SigPadInstall.ps1 conforms to PowerShell best practices." executed="True" time="0.0339" asserts="0" success="True" result="Success" />
          <test-case description="SigPadInstall.ps1 has a valid digital signature." name="Configuration Manager Scripts.SigPadInstall.ps1 has a valid digital signature." executed="True" time="0.0422" asserts="0" success="True" result="Success" />
          <test-case description="Detection.ps1 conforms to PowerShell best practices." name="Configuration Manager Scripts.Detection.ps1 conforms to PowerShell best practices." executed="True" time="0.0313" asserts="0" success="True" result="Success" />
          <test-case description="Detection.ps1 has a valid digital signature." name="Configuration Manager Scripts.Detection.ps1 has a valid digital signature." executed="True" time="0.038" asserts="0" success="True" result="Success" />
          <test-case description="Install.ps1 conforms to PowerShell best practices." name="Configuration Manager Scripts.Install.ps1 conforms to PowerShell best practices." executed="True" time="0.0335" asserts="0" success="True" result="Success" />
          <test-case description="Install.ps1 has a valid digital signature." name="Configuration Manager Scripts.Install.ps1 has a valid digital signature." executed="True" time="0.0471" asserts="0" success="True" result="Success" />
          <test-case description="TeAInstall.ps1 conforms to PowerShell best practices." name="Configuration Manager Scripts.TeAInstall.ps1 conforms to PowerShell best practices." executed="True" time="0.0318" asserts="0" success="True" result="Success" />
          <test-case description="TeAInstall.ps1 has a valid digital signature." name="Configuration Manager Scripts.TeAInstall.ps1 has a valid digital signature." executed="True" time="0.0379" asserts="0" success="True" result="Success" />
          <test-case description="TeRInstall.ps1 conforms to PowerShell best practices." name="Configuration Manager Scripts.TeRInstall.ps1 conforms to PowerShell best practices." executed="True" time="0.0405" asserts="0" success="True" result="Success" />
          <test-case description="TeRInstall.ps1 has a valid digital signature." name="Configuration Manager Scripts.TeRInstall.ps1 has a valid digital signature." executed="True" time="0.0423" asserts="0" success="True" result="Success" />
          <test-case description="detection.ps1 conforms to PowerShell best practices." name="Configuration Manager Scripts.detection.ps1 conforms to PowerShell best practices." executed="True" time="0.0314" asserts="0" success="True" result="Success" />
          <test-case description="detection.ps1 has a valid digital signature." name="Configuration Manager Scripts.detection.ps1 has a valid digital signature." executed="True" time="0.0429" asserts="0" success="True" result="Success" />
          <test-case description="install.ps1 conforms to PowerShell best practices." name="Configuration Manager Scripts.install.ps1 conforms to PowerShell best practices." executed="True" time="0.0354" asserts="0" success="True" result="Success" />
          <test-case description="install.ps1 has a valid digital signature." name="Configuration Manager Scripts.install.ps1 has a valid digital signature." executed="True" time="0.0398" asserts="0" success="True" result="Success" />
          <test-case description="uninstall.ps1 conforms to PowerShell best practices." name="Configuration Manager Scripts.uninstall.ps1 conforms to PowerShell best practices." executed="True" time="0.0312" asserts="0" success="True" result="Success" />
          <test-case description="uninstall.ps1 has a valid digital signature." name="Configuration Manager Scripts.uninstall.ps1 has a valid digital signature." executed="True" time="0.0467" asserts="0" success="True" result="Success" />
          <test-case description="TeRInstall.ps1 conforms to PowerShell best practices." name="Configuration Manager Scripts.TeRInstall.ps1 conforms to PowerShell best practices." executed="True" time="0.0363" asserts="0" success="True" result="Success" />
          <test-case description="TeRInstall.ps1 has a valid digital signature." name="Configuration Manager Scripts.TeRInstall.ps1 has a valid digital signature." executed="True" time="0.0419" asserts="0" success="True" result="Success" />
          <test-case description="Detection.ps1 conforms to PowerShell best practices." name="Configuration Manager Scripts.Detection.ps1 conforms to PowerShell best practices." executed="True" time="0.0297" asserts="0" success="True" result="Success" />
          <test-case description="Detection.ps1 has a valid digital signature." name="Configuration Manager Scripts.Detection.ps1 has a valid digital signature." executed="True" time="0.039" asserts="0" success="True" result="Success" />
          <test-case description="Install.ps1 conforms to PowerShell best practices." name="Configuration Manager Scripts.Install.ps1 conforms to PowerShell best practices." executed="True" time="0.0377" asserts="0" success="True" result="Success" />
          <test-case description="Install.ps1 has a valid digital signature." name="Configuration Manager Scripts.Install.ps1 has a valid digital signature." executed="True" time="0.0358" asserts="0" success="True" result="Success" />
          <test-case description="Uninstall.ps1 conforms to PowerShell best practices." name="Configuration Manager Scripts.Uninstall.ps1 conforms to PowerShell best practices." executed="True" time="0.0313" asserts="0" success="True" result="Success" />
          <test-case description="Uninstall.ps1 has a valid digital signature." name="Configuration Manager Scripts.Uninstall.ps1 has a valid digital signature." executed="True" time="0.0434" asserts="0" success="True" result="Success" />
          <test-case description="LCInstall.ps1 conforms to PowerShell best practices." name="Configuration Manager Scripts.LCInstall.ps1 conforms to PowerShell best practices." executed="True" time="0.0316" asserts="0" success="True" result="Success" />
          <test-case description="LCInstall.ps1 has a valid digital signature." name="Configuration Manager Scripts.LCInstall.ps1 has a valid digital signature." executed="True" time="0.0393" asserts="0" success="True" result="Success" />
          <test-case description="Lockscreen.ps1 conforms to PowerShell best practices." name="Configuration Manager Scripts.Lockscreen.ps1 conforms to PowerShell best practices." executed="True" time="0.4649" asserts="0" success="True" result="Success" />
          <test-case description="Lockscreen.ps1 has a valid digital signature." name="Configuration Manager Scripts.Lockscreen.ps1 has a valid digital signature." executed="True" time="0.0506" asserts="0" success="True" result="Success" />
          <test-case description="Lockscreen_Install.ps1 conforms to PowerShell best practices." name="Configuration Manager Scripts.Lockscreen_Install.ps1 conforms to PowerShell best practices." executed="True" time="2.1184" asserts="0" success="True" result="Success" />
          <test-case description="Lockscreen_Install.ps1 has a valid digital signature." name="Configuration Manager Scripts.Lockscreen_Install.ps1 has a valid digital signature." executed="True" time="0.04" asserts="0" success="True" result="Success" />
          <test-case description="Lockscreen_Verify.ps1 conforms to PowerShell best practices." name="Configuration Manager Scripts.Lockscreen_Verify.ps1 conforms to PowerShell best practices." executed="True" time="0.4172" asserts="0" success="True" result="Success" />
          <test-case description="Lockscreen_Verify.ps1 has a valid digital signature." name="Configuration Manager Scripts.Lockscreen_Verify.ps1 has a valid digital signature." executed="True" time="0.0429" asserts="0" success="True" result="Success" />
          <test-case description="Detection.ps1 conforms to PowerShell best practices." name="Configuration Manager Scripts.Detection.ps1 conforms to PowerShell best practices." executed="True" time="0.032" asserts="0" success="True" result="Success" />
          <test-case description="Detection.ps1 has a valid digital signature." name="Configuration Manager Scripts.Detection.ps1 has a valid digital signature." executed="True" time="0.037" asserts="0" success="True" result="Success" />
          <test-case description="Detection.ps1 conforms to PowerShell best practices." name="Configuration Manager Scripts.Detection.ps1 conforms to PowerShell best practices." executed="True" time="0.0344" asserts="0" success="True" result="Success" />
          <test-case description="Detection.ps1 has a valid digital signature." name="Configuration Manager Scripts.Detection.ps1 has a valid digital signature." executed="True" time="0.0426" asserts="0" success="True" result="Success" />
          <test-case description="Config_Install.ps1 conforms to PowerShell best practices." name="Configuration Manager Scripts.Config_Install.ps1 conforms to PowerShell best practices." executed="True" time="0.0358" asserts="0" success="True" result="Success" />
          <test-case description="Config_Install.ps1 has a valid digital signature." name="Configuration Manager Scripts.Config_Install.ps1 has a valid digital signature." executed="True" time="0.0357" asserts="0" success="True" result="Success" />
          <test-case description="Detection.ps1 conforms to PowerShell best practices." name="Configuration Manager Scripts.Detection.ps1 conforms to PowerShell best practices." executed="True" time="0.034" asserts="0" success="True" result="Success" />
          <test-case description="Detection.ps1 has a valid digital signature." name="Configuration Manager Scripts.Detection.ps1 has a valid digital signature." executed="True" time="0.0361" asserts="0" success="True" result="Success" />
          <test-case description="Detection.ps1 conforms to PowerShell best practices." name="Configuration Manager Scripts.Detection.ps1 conforms to PowerShell best practices." executed="True" time="0.0291" asserts="0" success="True" result="Success" />
          <test-case description="Detection.ps1 has a valid digital signature." name="Configuration Manager Scripts.Detection.ps1 has a valid digital signature." executed="True" time="0.0422" asserts="0" success="True" result="Success" />
          <test-case description="Detection.ps1 conforms to PowerShell best practices." name="Configuration Manager Scripts.Detection.ps1 conforms to PowerShell best practices." executed="True" time="0.0375" asserts="0" success="True" result="Success" />
          <test-case description="Detection.ps1 has a valid digital signature." name="Configuration Manager Scripts.Detection.ps1 has a valid digital signature." executed="True" time="0.0395" asserts="0" success="True" result="Success" />
          <test-case description="DepositReview_Install.ps1 conforms to PowerShell best practices." name="Configuration Manager Scripts.DepositReview_Install.ps1 conforms to PowerShell best practices." executed="True" time="0.0379" asserts="0" success="True" result="Success" />
          <test-case description="DepositReview_Install.ps1 has a valid digital signature." name="Configuration Manager Scripts.DepositReview_Install.ps1 has a valid digital signature." executed="True" time="0.0403" asserts="0" success="True" result="Success" />
          <test-case description="UploadWizard_Install.ps1 conforms to PowerShell best practices." name="Configuration Manager Scripts.UploadWizard_Install.ps1 conforms to PowerShell best practices." executed="True" time="0.0345" asserts="0" success="True" result="Success" />
          <test-case description="UploadWizard_Install.ps1 has a valid digital signature." name="Configuration Manager Scripts.UploadWizard_Install.ps1 has a valid digital signature." executed="True" time="0.0407" asserts="0" success="True" result="Success" />
          <test-case description="WebCapture_Install.ps1 conforms to PowerShell best practices." name="Configuration Manager Scripts.WebCapture_Install.ps1 conforms to PowerShell best practices." executed="True" time="0.0352" asserts="0" success="True" result="Success" />
          <test-case description="WebCapture_Install.ps1 has a valid digital signature." name="Configuration Manager Scripts.WebCapture_Install.ps1 has a valid digital signature." executed="True" time="0.0381" asserts="0" success="True" result="Success" />
          <test-case description="ODBCConnections.ps1 conforms to PowerShell best practices." name="Configuration Manager Scripts.ODBCConnections.ps1 conforms to PowerShell best practices." executed="True" time="0.0337" asserts="0" success="True" result="Success" />
          <test-case description="ODBCConnections.ps1 has a valid digital signature." name="Configuration Manager Scripts.ODBCConnections.ps1 has a valid digital signature." executed="True" time="0.0389" asserts="0" success="True" result="Success" />
          <test-case description="Detection.ps1 conforms to PowerShell best practices." name="Configuration Manager Scripts.Detection.ps1 conforms to PowerShell best practices." executed="True" time="0.385" asserts="0" success="True" result="Success" />
          <test-case description="Detection.ps1 has a valid digital signature." name="Configuration Manager Scripts.Detection.ps1 has a valid digital signature." executed="True" time="0.0457" asserts="0" success="True" result="Success" />
          <test-case description="Detect.ps1 conforms to PowerShell best practices." name="Configuration Manager Scripts.Detect.ps1 conforms to PowerShell best practices." executed="True" time="0.0343" asserts="0" success="True" result="Success" />
          <test-case description="Detect.ps1 has a valid digital signature." name="Configuration Manager Scripts.Detect.ps1 has a valid digital signature." executed="True" time="0.043" asserts="0" success="True" result="Success" />
          <test-case description="Install.ps1 conforms to PowerShell best practices." name="Configuration Manager Scripts.Install.ps1 conforms to PowerShell best practices." executed="True" time="0.401" asserts="0" success="True" result="Success" />
          <test-case description="Install.ps1 has a valid digital signature." name="Configuration Manager Scripts.Install.ps1 has a valid digital signature." executed="True" time="0.0408" asserts="0" success="True" result="Success" />
          <test-case description="Uninstall.ps1 conforms to PowerShell best practices." name="Configuration Manager Scripts.Uninstall.ps1 conforms to PowerShell best practices." executed="True" time="0.4091" asserts="0" success="True" result="Success" />
          <test-case description="Uninstall.ps1 has a valid digital signature." name="Configuration Manager Scripts.Uninstall.ps1 has a valid digital signature." executed="True" time="0.0413" asserts="0" success="True" result="Success" />
          <test-case description="LocalUser_Configure.ps1 conforms to PowerShell best practices." name="Configuration Manager Scripts.LocalUser_Configure.ps1 conforms to PowerShell best practices." executed="True" time="0.0305" asserts="0" success="True" result="Success" />
          <test-case description="LocalUser_Configure.ps1 has a valid digital signature." name="Configuration Manager Scripts.LocalUser_Configure.ps1 has a valid digital signature." executed="True" time="0.0442" asserts="0" success="True" result="Success" />
          <test-case description="LocalUser_Verify.ps1 conforms to PowerShell best practices." name="Configuration Manager Scripts.LocalUser_Verify.ps1 conforms to PowerShell best practices." executed="True" time="0.3947" asserts="0" success="True" result="Success" />
          <test-case description="LocalUser_Verify.ps1 has a valid digital signature." name="Configuration Manager Scripts.LocalUser_Verify.ps1 has a valid digital signature." executed="True" time="0.0445" asserts="0" success="True" result="Success" />
          <test-case description="InstallPrinter.ps1 conforms to PowerShell best practices." name="Configuration Manager Scripts.InstallPrinter.ps1 conforms to PowerShell best practices." executed="True" time="0.4417" asserts="0" success="True" result="Success" />
          <test-case description="InstallPrinter.ps1 has a valid digital signature." name="Configuration Manager Scripts.InstallPrinter.ps1 has a valid digital signature." executed="True" time="0.0399" asserts="0" success="True" result="Success" />
          <test-case description="VerifyPrinter.ps1 conforms to PowerShell best practices." name="Configuration Manager Scripts.VerifyPrinter.ps1 conforms to PowerShell best practices." executed="True" time="0.4133" asserts="0" success="True" result="Success" />
          <test-case description="VerifyPrinter.ps1 has a valid digital signature." name="Configuration Manager Scripts.VerifyPrinter.ps1 has a valid digital signature." executed="True" time="0.038" asserts="0" success="True" result="Success" />
          <test-case description="ReceiptPrinterInstall.ps1 conforms to PowerShell best practices." name="Configuration Manager Scripts.ReceiptPrinterInstall.ps1 conforms to PowerShell best practices." executed="True" time="3.4635" asserts="0" success="True" result="Success" />
          <test-case description="ReceiptPrinterInstall.ps1 has a valid digital signature." name="Configuration Manager Scripts.ReceiptPrinterInstall.ps1 has a valid digital signature." executed="True" time="0.0428" asserts="0" success="True" result="Success" />
          <test-case description="VerifyReceiptPrinter.ps1 conforms to PowerShell best practices." name="Configuration Manager Scripts.VerifyReceiptPrinter.ps1 conforms to PowerShell best practices." executed="True" time="0.9246" asserts="0" success="True" result="Success" />
          <test-case description="VerifyReceiptPrinter.ps1 has a valid digital signature." name="Configuration Manager Scripts.VerifyReceiptPrinter.ps1 has a valid digital signature." executed="True" time="0.043" asserts="0" success="True" result="Success" />
          <test-case description="prompt.ps1 conforms to PowerShell best practices." name="Configuration Manager Scripts.prompt.ps1 conforms to PowerShell best practices." executed="True" time="0.0388" asserts="0" success="True" result="Success" />
          <test-case description="prompt.ps1 has a valid digital signature." name="Configuration Manager Scripts.prompt.ps1 has a valid digital signature." executed="True" time="0.047" asserts="0" success="True" result="Success" />
          <test-case description="ReimagePrestart.ps1 conforms to PowerShell best practices." name="Configuration Manager Scripts.ReimagePrestart.ps1 conforms to PowerShell best practices." executed="True" time="0.3913" asserts="0" success="True" result="Success" />
          <test-case description="ReimagePrestart.ps1 has a valid digital signature." name="Configuration Manager Scripts.ReimagePrestart.ps1 has a valid digital signature." executed="True" time="0.047" asserts="0" success="True" result="Success" />
          <test-case description="SolarWinds_Install.ps1 conforms to PowerShell best practices." name="Configuration Manager Scripts.SolarWinds_Install.ps1 conforms to PowerShell best practices." executed="True" time="0.0287" asserts="0" success="True" result="Success" />
          <test-case description="SolarWinds_Install.ps1 has a valid digital signature." name="Configuration Manager Scripts.SolarWinds_Install.ps1 has a valid digital signature." executed="True" time="0.0445" asserts="0" success="True" result="Success" />
          <test-case description="StartLayoutInstall.ps1 conforms to PowerShell best practices." name="Configuration Manager Scripts.StartLayoutInstall.ps1 conforms to PowerShell best practices." executed="True" time="0.4089" asserts="0" success="True" result="Success" />
          <test-case description="StartLayoutInstall.ps1 has a valid digital signature." name="Configuration Manager Scripts.StartLayoutInstall.ps1 has a valid digital signature." executed="True" time="0.0437" asserts="0" success="True" result="Success" />
          <test-case description="Detection.ps1 conforms to PowerShell best practices." name="Configuration Manager Scripts.Detection.ps1 conforms to PowerShell best practices." executed="True" time="0.0272" asserts="0" success="True" result="Success" />
          <test-case description="Detection.ps1 has a valid digital signature." name="Configuration Manager Scripts.Detection.ps1 has a valid digital signature." executed="True" time="0.0416" asserts="0" success="True" result="Success" />
          <test-case description="StartLayoutInstall.ps1 conforms to PowerShell best practices." name="Configuration Manager Scripts.StartLayoutInstall.ps1 conforms to PowerShell best practices." executed="True" time="0.4546" asserts="0" success="True" result="Success" />
          <test-case description="StartLayoutInstall.ps1 has a valid digital signature." name="Configuration Manager Scripts.StartLayoutInstall.ps1 has a valid digital signature." executed="True" time="0.0436" asserts="0" success="True" result="Success" />
          <test-case description="TA2015_Install.ps1 conforms to PowerShell best practices." name="Configuration Manager Scripts.TA2015_Install.ps1 conforms to PowerShell best practices." executed="True" time="0.0328" asserts="0" success="True" result="Success" />
          <test-case description="TA2015_Install.ps1 has a valid digital signature." name="Configuration Manager Scripts.TA2015_Install.ps1 has a valid digital signature." executed="True" time="0.041" asserts="0" success="True" result="Success" />
          <test-case description="BSP1358_Install.ps1 conforms to PowerShell best practices." name="Configuration Manager Scripts.BSP1358_Install.ps1 conforms to PowerShell best practices." executed="True" time="0.0337" asserts="0" success="True" result="Success" />
          <test-case description="BSP1358_Install.ps1 has a valid digital signature." name="Configuration Manager Scripts.BSP1358_Install.ps1 has a valid digital signature." executed="True" time="0.0404" asserts="0" success="True" result="Success" />
          <test-case description="TCM_Install.ps1 conforms to PowerShell best practices." name="Configuration Manager Scripts.TCM_Install.ps1 conforms to PowerShell best practices." executed="True" time="0.0283" asserts="0" success="True" result="Success" />
          <test-case description="TCM_Install.ps1 has a valid digital signature." name="Configuration Manager Scripts.TCM_Install.ps1 has a valid digital signature." executed="True" time="0.0393" asserts="0" success="True" result="Success" />
          <test-case description="VidCenter_Install.ps1 conforms to PowerShell best practices." name="Configuration Manager Scripts.VidCenter_Install.ps1 conforms to PowerShell best practices." executed="True" time="0.0392" asserts="0" success="True" result="Success" />
          <test-case description="VidCenter_Install.ps1 has a valid digital signature." name="Configuration Manager Scripts.VidCenter_Install.ps1 has a valid digital signature." executed="True" time="0.0365" asserts="0" success="True" result="Success" />
        </results>
      </test-suite>
    </results>
  </test-suite>
</test-results>